<?xml version="1.0" encoding="UTF-8"?>
<testng-results skipped="0" failed="2" ignored="0" total="2" passed="0">
  <reporter-output>
  </reporter-output>
  <suite name="Default suite" duration-ms="13635" started-at="2020-08-12T16:44:39 IST" finished-at="2020-08-12T16:44:53 IST">
    <groups>
      <group name="cucumber">
        <method signature="TestRunner.feature(cucumber.api.testng.CucumberFeatureWrapper)[pri:0, instance:com.testRunner.TestRunner@1a1d6a08]" name="feature" class="com.testRunner.TestRunner"/>
      </group> <!-- cucumber -->
    </groups>
    <test name="Default test" duration-ms="13635" started-at="2020-08-12T16:44:39 IST" finished-at="2020-08-12T16:44:53 IST">
      <class name="com.testRunner.TestRunner">
        <test-method status="PASS" signature="setUpClass()[pri:0, instance:com.testRunner.TestRunner@1a1d6a08]" name="setUpClass" is-config="true" duration-ms="421" started-at="2020-08-12T16:44:39 IST" finished-at="2020-08-12T16:44:39 IST">
          <reporter-output>
          </reporter-output>
        </test-method> <!-- setUpClass -->
        <test-method status="FAIL" signature="feature(cucumber.api.testng.CucumberFeatureWrapper)[pri:0, instance:com.testRunner.TestRunner@1a1d6a08]" name="feature" duration-ms="4422" started-at="2020-08-12T16:44:39 IST" description="Runs Cucumber Feature" data-provider="features" finished-at="2020-08-12T16:44:44 IST">
          <params>
            <param index="0">
              <value>
                <![CDATA[Regression Manager Login Test]]>
              </value>
            </param>
          </params>
          <exception class="cucumber.runtime.CucumberException">
            <message>
              <![CDATA[org.openqa.selenium.SessionNotCreatedException: session not created: This version of ChromeDriver only supports Chrome version 81
Build info: version: '3.141.59', revision: 'e82be7d358', time: '2018-11-14T08:17:03'
System info: host: 'VDUDDUKU-L470', ip: '10.191.251.146', os.name: 'Windows 10', os.arch: 'amd64', os.version: '10.0', java.version: '1.8.0_251'
Driver info: driver.version: ChromeDriver
remote stacktrace: Backtrace:
Ordinal0 [0x00E35F73+2449267]
Ordinal0 [0x00D68361+1606497]
Ordinal0 [0x00C5F969+522601]
Ordinal0 [0x00BF05F3+67059]
Ordinal0 [0x00BECD92+52626]
Ordinal0 [0x00C0C127+180519]
Ordinal0 [0x00C0BF2D+180013]
Ordinal0 [0x00C09E5B+171611]
Ordinal0 [0x00BF1DD8+73176]
Ordinal0 [0x00BF2E50+77392]
Ordinal0 [0x00BF2DE9+77289]
Ordinal0 [0x00D7D8D7+1693911]
GetHandleVerifier [0x00ED4036+522726]
GetHandleVerifier [0x00ED3D74+522020]
GetHandleVerifier [0x00EE9187+609079]
GetHandleVerifier [0x00ED48A6+524886]
Ordinal0 [0x00D75CBC+1662140]
Ordinal0 [0x00D7F23B+1700411]
Ordinal0 [0x00D7F3A3+1700771]
Ordinal0 [0x00D95215+1790485]
BaseThreadInitThunk [0x75526359+25]
RtlGetAppContainerNamedObjectPath [0x77717C24+228]
RtlGetAppContainerNamedObjectPath [0x77717BF4+180]
]]>
            </message>
            <full-stacktrace>
              <![CDATA[cucumber.runtime.CucumberException: org.openqa.selenium.SessionNotCreatedException: session not created: This version of ChromeDriver only supports Chrome version 81
Build info: version: '3.141.59', revision: 'e82be7d358', time: '2018-11-14T08:17:03'
System info: host: 'VDUDDUKU-L470', ip: '10.191.251.146', os.name: 'Windows 10', os.arch: 'amd64', os.version: '10.0', java.version: '1.8.0_251'
Driver info: driver.version: ChromeDriver
remote stacktrace: Backtrace:
Ordinal0 [0x00E35F73+2449267]
Ordinal0 [0x00D68361+1606497]
Ordinal0 [0x00C5F969+522601]
Ordinal0 [0x00BF05F3+67059]
Ordinal0 [0x00BECD92+52626]
Ordinal0 [0x00C0C127+180519]
Ordinal0 [0x00C0BF2D+180013]
Ordinal0 [0x00C09E5B+171611]
Ordinal0 [0x00BF1DD8+73176]
Ordinal0 [0x00BF2E50+77392]
Ordinal0 [0x00BF2DE9+77289]
Ordinal0 [0x00D7D8D7+1693911]
GetHandleVerifier [0x00ED4036+522726]
GetHandleVerifier [0x00ED3D74+522020]
GetHandleVerifier [0x00EE9187+609079]
GetHandleVerifier [0x00ED48A6+524886]
Ordinal0 [0x00D75CBC+1662140]
Ordinal0 [0x00D7F23B+1700411]
Ordinal0 [0x00D7F3A3+1700771]
Ordinal0 [0x00D95215+1790485]
BaseThreadInitThunk [0x75526359+25]
RtlGetAppContainerNamedObjectPath [0x77717C24+228]
RtlGetAppContainerNamedObjectPath [0x77717BF4+180]

at cucumber.api.testng.TestNGCucumberRunner.runCucumber(TestNGCucumberRunner.java:69)
at com.testRunner.TestRunner.feature(TestRunner.java:35)
at sun.reflect.NativeMethodAccessorImpl.invoke0(Native Method)
at sun.reflect.NativeMethodAccessorImpl.invoke(NativeMethodAccessorImpl.java:62)
at sun.reflect.DelegatingMethodAccessorImpl.invoke(DelegatingMethodAccessorImpl.java:43)
at java.lang.reflect.Method.invoke(Method.java:498)
at org.testng.internal.MethodInvocationHelper.invokeMethod(MethodInvocationHelper.java:134)
at org.testng.internal.TestInvoker.invokeMethod(TestInvoker.java:597)
at org.testng.internal.TestInvoker.invokeTestMethod(TestInvoker.java:173)
at org.testng.internal.MethodRunner.runInSequence(MethodRunner.java:46)
at org.testng.internal.TestInvoker$MethodInvocationAgent.invoke(TestInvoker.java:816)
at org.testng.internal.TestInvoker.invokeTestMethods(TestInvoker.java:146)
at org.testng.internal.TestMethodWorker.invokeTestMethods(TestMethodWorker.java:146)
at org.testng.internal.TestMethodWorker.run(TestMethodWorker.java:128)
at java.util.ArrayList.forEach(ArrayList.java:1257)
at org.testng.TestRunner.privateRun(TestRunner.java:766)
at org.testng.TestRunner.run(TestRunner.java:587)
at org.testng.SuiteRunner.runTest(SuiteRunner.java:384)
at org.testng.SuiteRunner.runSequentially(SuiteRunner.java:378)
at org.testng.SuiteRunner.privateRun(SuiteRunner.java:337)
at org.testng.SuiteRunner.run(SuiteRunner.java:286)
at org.testng.SuiteRunnerWorker.runSuite(SuiteRunnerWorker.java:53)
at org.testng.SuiteRunnerWorker.run(SuiteRunnerWorker.java:96)
at org.testng.TestNG.runSuitesSequentially(TestNG.java:1187)
at org.testng.TestNG.runSuitesLocally(TestNG.java:1109)
at org.testng.TestNG.runSuites(TestNG.java:1039)
at org.testng.TestNG.run(TestNG.java:1007)
at org.testng.remote.AbstractRemoteTestNG.run(AbstractRemoteTestNG.java:115)
at org.testng.remote.RemoteTestNG.initAndRun(RemoteTestNG.java:251)
at org.testng.remote.RemoteTestNG.main(RemoteTestNG.java:77)
Caused by: org.openqa.selenium.SessionNotCreatedException: session not created: This version of ChromeDriver only supports Chrome version 81
Build info: version: '3.141.59', revision: 'e82be7d358', time: '2018-11-14T08:17:03'
System info: host: 'VDUDDUKU-L470', ip: '10.191.251.146', os.name: 'Windows 10', os.arch: 'amd64', os.version: '10.0', java.version: '1.8.0_251'
Driver info: driver.version: ChromeDriver
remote stacktrace: Backtrace:
Ordinal0 [0x00E35F73+2449267]
Ordinal0 [0x00D68361+1606497]
Ordinal0 [0x00C5F969+522601]
Ordinal0 [0x00BF05F3+67059]
Ordinal0 [0x00BECD92+52626]
Ordinal0 [0x00C0C127+180519]
Ordinal0 [0x00C0BF2D+180013]
Ordinal0 [0x00C09E5B+171611]
Ordinal0 [0x00BF1DD8+73176]
Ordinal0 [0x00BF2E50+77392]
Ordinal0 [0x00BF2DE9+77289]
Ordinal0 [0x00D7D8D7+1693911]
GetHandleVerifier [0x00ED4036+522726]
GetHandleVerifier [0x00ED3D74+522020]
GetHandleVerifier [0x00EE9187+609079]
GetHandleVerifier [0x00ED48A6+524886]
Ordinal0 [0x00D75CBC+1662140]
Ordinal0 [0x00D7F23B+1700411]
Ordinal0 [0x00D7F3A3+1700771]
Ordinal0 [0x00D95215+1790485]
BaseThreadInitThunk [0x75526359+25]
RtlGetAppContainerNamedObjectPath [0x77717C24+228]
RtlGetAppContainerNamedObjectPath [0x77717BF4+180]

at sun.reflect.NativeConstructorAccessorImpl.newInstance0(Native Method)
at sun.reflect.NativeConstructorAccessorImpl.newInstance(NativeConstructorAccessorImpl.java:62)
at sun.reflect.DelegatingConstructorAccessorImpl.newInstance(DelegatingConstructorAccessorImpl.java:45)
at java.lang.reflect.Constructor.newInstance(Constructor.java:423)
at org.openqa.selenium.remote.W3CHandshakeResponse.lambda$errorHandler$0(W3CHandshakeResponse.java:62)
at org.openqa.selenium.remote.HandshakeResponse.lambda$getResponseFunction$0(HandshakeResponse.java:30)
at org.openqa.selenium.remote.ProtocolHandshake.lambda$createSession$0(ProtocolHandshake.java:126)
at java.util.stream.ReferencePipeline$3$1.accept(ReferencePipeline.java:193)
at java.util.Spliterators$ArraySpliterator.tryAdvance(Spliterators.java:958)
at java.util.stream.ReferencePipeline.forEachWithCancel(ReferencePipeline.java:126)
at java.util.stream.AbstractPipeline.copyIntoWithCancel(AbstractPipeline.java:499)
at java.util.stream.AbstractPipeline.copyInto(AbstractPipeline.java:486)
at java.util.stream.AbstractPipeline.wrapAndCopyInto(AbstractPipeline.java:472)
at java.util.stream.FindOps$FindOp.evaluateSequential(FindOps.java:152)
at java.util.stream.AbstractPipeline.evaluate(AbstractPipeline.java:234)
at java.util.stream.ReferencePipeline.findFirst(ReferencePipeline.java:464)
at org.openqa.selenium.remote.ProtocolHandshake.createSession(ProtocolHandshake.java:128)
at org.openqa.selenium.remote.ProtocolHandshake.createSession(ProtocolHandshake.java:74)
at org.openqa.selenium.remote.HttpCommandExecutor.execute(HttpCommandExecutor.java:136)
at org.openqa.selenium.remote.service.DriverCommandExecutor.execute(DriverCommandExecutor.java:83)
at org.openqa.selenium.remote.RemoteWebDriver.execute(RemoteWebDriver.java:552)
at org.openqa.selenium.remote.RemoteWebDriver.startSession(RemoteWebDriver.java:213)
at org.openqa.selenium.remote.RemoteWebDriver.<init>(RemoteWebDriver.java:131)
at org.openqa.selenium.chrome.ChromeDriver.<init>(ChromeDriver.java:181)
at org.openqa.selenium.chrome.ChromeDriver.<init>(ChromeDriver.java:168)
at org.openqa.selenium.chrome.ChromeDriver.<init>(ChromeDriver.java:123)
at com.utility.TestBase.initialization(TestBase.java:48)
at com.stepDefinitions.LoginPageStepDefinition.user_is_already_in_login_page(LoginPageStepDefinition.java:25)
at ✽.Given user is already in login page(features/a.feature:4)
]]>
            </full-stacktrace>
          </exception> <!-- cucumber.runtime.CucumberException -->
          <reporter-output>
          </reporter-output>
        </test-method> <!-- feature -->
        <test-method status="FAIL" signature="feature(cucumber.api.testng.CucumberFeatureWrapper)[pri:0, instance:com.testRunner.TestRunner@1a1d6a08]" name="feature" duration-ms="7659" started-at="2020-08-12T16:44:44 IST" description="Runs Cucumber Feature" data-provider="features" finished-at="2020-08-12T16:44:52 IST">
          <params>
            <param index="0">
              <value>
                <![CDATA[Regression Manager Regression Tests]]>
              </value>
            </param>
          </params>
          <exception class="cucumber.runtime.CucumberException">
            <message>
              <![CDATA[org.openqa.selenium.SessionNotCreatedException: session not created: This version of ChromeDriver only supports Chrome version 81
Build info: version: '3.141.59', revision: 'e82be7d358', time: '2018-11-14T08:17:03'
System info: host: 'VDUDDUKU-L470', ip: '10.191.251.146', os.name: 'Windows 10', os.arch: 'amd64', os.version: '10.0', java.version: '1.8.0_251'
Driver info: driver.version: ChromeDriver
remote stacktrace: Backtrace:
Ordinal0 [0x00E35F73+2449267]
Ordinal0 [0x00D68361+1606497]
Ordinal0 [0x00C5F969+522601]
Ordinal0 [0x00BF05F3+67059]
Ordinal0 [0x00BECD92+52626]
Ordinal0 [0x00C0C127+180519]
Ordinal0 [0x00C0BF2D+180013]
Ordinal0 [0x00C09E5B+171611]
Ordinal0 [0x00BF1DD8+73176]
Ordinal0 [0x00BF2E50+77392]
Ordinal0 [0x00BF2DE9+77289]
Ordinal0 [0x00D7D8D7+1693911]
GetHandleVerifier [0x00ED4036+522726]
GetHandleVerifier [0x00ED3D74+522020]
GetHandleVerifier [0x00EE9187+609079]
GetHandleVerifier [0x00ED48A6+524886]
Ordinal0 [0x00D75CBC+1662140]
Ordinal0 [0x00D7F23B+1700411]
Ordinal0 [0x00D7F3A3+1700771]
Ordinal0 [0x00D95215+1790485]
BaseThreadInitThunk [0x75526359+25]
RtlGetAppContainerNamedObjectPath [0x77717C24+228]
RtlGetAppContainerNamedObjectPath [0x77717BF4+180]
]]>
            </message>
            <full-stacktrace>
              <![CDATA[cucumber.runtime.CucumberException: org.openqa.selenium.SessionNotCreatedException: session not created: This version of ChromeDriver only supports Chrome version 81
Build info: version: '3.141.59', revision: 'e82be7d358', time: '2018-11-14T08:17:03'
System info: host: 'VDUDDUKU-L470', ip: '10.191.251.146', os.name: 'Windows 10', os.arch: 'amd64', os.version: '10.0', java.version: '1.8.0_251'
Driver info: driver.version: ChromeDriver
remote stacktrace: Backtrace:
Ordinal0 [0x00E35F73+2449267]
Ordinal0 [0x00D68361+1606497]
Ordinal0 [0x00C5F969+522601]
Ordinal0 [0x00BF05F3+67059]
Ordinal0 [0x00BECD92+52626]
Ordinal0 [0x00C0C127+180519]
Ordinal0 [0x00C0BF2D+180013]
Ordinal0 [0x00C09E5B+171611]
Ordinal0 [0x00BF1DD8+73176]
Ordinal0 [0x00BF2E50+77392]
Ordinal0 [0x00BF2DE9+77289]
Ordinal0 [0x00D7D8D7+1693911]
GetHandleVerifier [0x00ED4036+522726]
GetHandleVerifier [0x00ED3D74+522020]
GetHandleVerifier [0x00EE9187+609079]
GetHandleVerifier [0x00ED48A6+524886]
Ordinal0 [0x00D75CBC+1662140]
Ordinal0 [0x00D7F23B+1700411]
Ordinal0 [0x00D7F3A3+1700771]
Ordinal0 [0x00D95215+1790485]
BaseThreadInitThunk [0x75526359+25]
RtlGetAppContainerNamedObjectPath [0x77717C24+228]
RtlGetAppContainerNamedObjectPath [0x77717BF4+180]

at cucumber.api.testng.TestNGCucumberRunner.runCucumber(TestNGCucumberRunner.java:69)
at com.testRunner.TestRunner.feature(TestRunner.java:35)
at sun.reflect.NativeMethodAccessorImpl.invoke0(Native Method)
at sun.reflect.NativeMethodAccessorImpl.invoke(NativeMethodAccessorImpl.java:62)
at sun.reflect.DelegatingMethodAccessorImpl.invoke(DelegatingMethodAccessorImpl.java:43)
at java.lang.reflect.Method.invoke(Method.java:498)
at org.testng.internal.MethodInvocationHelper.invokeMethod(MethodInvocationHelper.java:134)
at org.testng.internal.TestInvoker.invokeMethod(TestInvoker.java:597)
at org.testng.internal.TestInvoker.invokeTestMethod(TestInvoker.java:173)
at org.testng.internal.MethodRunner.runInSequence(MethodRunner.java:46)
at org.testng.internal.TestInvoker$MethodInvocationAgent.invoke(TestInvoker.java:816)
at org.testng.internal.TestInvoker.invokeTestMethods(TestInvoker.java:146)
at org.testng.internal.TestMethodWorker.invokeTestMethods(TestMethodWorker.java:146)
at org.testng.internal.TestMethodWorker.run(TestMethodWorker.java:128)
at java.util.ArrayList.forEach(ArrayList.java:1257)
at org.testng.TestRunner.privateRun(TestRunner.java:766)
at org.testng.TestRunner.run(TestRunner.java:587)
at org.testng.SuiteRunner.runTest(SuiteRunner.java:384)
at org.testng.SuiteRunner.runSequentially(SuiteRunner.java:378)
at org.testng.SuiteRunner.privateRun(SuiteRunner.java:337)
at org.testng.SuiteRunner.run(SuiteRunner.java:286)
at org.testng.SuiteRunnerWorker.runSuite(SuiteRunnerWorker.java:53)
at org.testng.SuiteRunnerWorker.run(SuiteRunnerWorker.java:96)
at org.testng.TestNG.runSuitesSequentially(TestNG.java:1187)
at org.testng.TestNG.runSuitesLocally(TestNG.java:1109)
at org.testng.TestNG.runSuites(TestNG.java:1039)
at org.testng.TestNG.run(TestNG.java:1007)
at org.testng.remote.AbstractRemoteTestNG.run(AbstractRemoteTestNG.java:115)
at org.testng.remote.RemoteTestNG.initAndRun(RemoteTestNG.java:251)
at org.testng.remote.RemoteTestNG.main(RemoteTestNG.java:77)
Caused by: org.openqa.selenium.SessionNotCreatedException: session not created: This version of ChromeDriver only supports Chrome version 81
Build info: version: '3.141.59', revision: 'e82be7d358', time: '2018-11-14T08:17:03'
System info: host: 'VDUDDUKU-L470', ip: '10.191.251.146', os.name: 'Windows 10', os.arch: 'amd64', os.version: '10.0', java.version: '1.8.0_251'
Driver info: driver.version: ChromeDriver
remote stacktrace: Backtrace:
Ordinal0 [0x00E35F73+2449267]
Ordinal0 [0x00D68361+1606497]
Ordinal0 [0x00C5F969+522601]
Ordinal0 [0x00BF05F3+67059]
Ordinal0 [0x00BECD92+52626]
Ordinal0 [0x00C0C127+180519]
Ordinal0 [0x00C0BF2D+180013]
Ordinal0 [0x00C09E5B+171611]
Ordinal0 [0x00BF1DD8+73176]
Ordinal0 [0x00BF2E50+77392]
Ordinal0 [0x00BF2DE9+77289]
Ordinal0 [0x00D7D8D7+1693911]
GetHandleVerifier [0x00ED4036+522726]
GetHandleVerifier [0x00ED3D74+522020]
GetHandleVerifier [0x00EE9187+609079]
GetHandleVerifier [0x00ED48A6+524886]
Ordinal0 [0x00D75CBC+1662140]
Ordinal0 [0x00D7F23B+1700411]
Ordinal0 [0x00D7F3A3+1700771]
Ordinal0 [0x00D95215+1790485]
BaseThreadInitThunk [0x75526359+25]
RtlGetAppContainerNamedObjectPath [0x77717C24+228]
RtlGetAppContainerNamedObjectPath [0x77717BF4+180]

at sun.reflect.NativeConstructorAccessorImpl.newInstance0(Native Method)
at sun.reflect.NativeConstructorAccessorImpl.newInstance(NativeConstructorAccessorImpl.java:62)
at sun.reflect.DelegatingConstructorAccessorImpl.newInstance(DelegatingConstructorAccessorImpl.java:45)
at java.lang.reflect.Constructor.newInstance(Constructor.java:423)
at org.openqa.selenium.remote.W3CHandshakeResponse.lambda$errorHandler$0(W3CHandshakeResponse.java:62)
at org.openqa.selenium.remote.HandshakeResponse.lambda$getResponseFunction$0(HandshakeResponse.java:30)
at org.openqa.selenium.remote.ProtocolHandshake.lambda$createSession$0(ProtocolHandshake.java:126)
at java.util.stream.ReferencePipeline$3$1.accept(ReferencePipeline.java:193)
at java.util.Spliterators$ArraySpliterator.tryAdvance(Spliterators.java:958)
at java.util.stream.ReferencePipeline.forEachWithCancel(ReferencePipeline.java:126)
at java.util.stream.AbstractPipeline.copyIntoWithCancel(AbstractPipeline.java:499)
at java.util.stream.AbstractPipeline.copyInto(AbstractPipeline.java:486)
at java.util.stream.AbstractPipeline.wrapAndCopyInto(AbstractPipeline.java:472)
at java.util.stream.FindOps$FindOp.evaluateSequential(FindOps.java:152)
at java.util.stream.AbstractPipeline.evaluate(AbstractPipeline.java:234)
at java.util.stream.ReferencePipeline.findFirst(ReferencePipeline.java:464)
at org.openqa.selenium.remote.ProtocolHandshake.createSession(ProtocolHandshake.java:128)
at org.openqa.selenium.remote.ProtocolHandshake.createSession(ProtocolHandshake.java:74)
at org.openqa.selenium.remote.HttpCommandExecutor.execute(HttpCommandExecutor.java:136)
at org.openqa.selenium.remote.service.DriverCommandExecutor.execute(DriverCommandExecutor.java:83)
at org.openqa.selenium.remote.RemoteWebDriver.execute(RemoteWebDriver.java:552)
at org.openqa.selenium.remote.RemoteWebDriver.startSession(RemoteWebDriver.java:213)
at org.openqa.selenium.remote.RemoteWebDriver.<init>(RemoteWebDriver.java:131)
at org.openqa.selenium.chrome.ChromeDriver.<init>(ChromeDriver.java:181)
at org.openqa.selenium.chrome.ChromeDriver.<init>(ChromeDriver.java:168)
at org.openqa.selenium.chrome.ChromeDriver.<init>(ChromeDriver.java:123)
at com.utility.TestBase.initialization(TestBase.java:48)
at com.stepDefinitions.LoginPageStepDefinition.user_is_already_in_login_page(LoginPageStepDefinition.java:25)
at ✽.Given user is already in login page(features/regman.feature:6)
]]>
            </full-stacktrace>
          </exception> <!-- cucumber.runtime.CucumberException -->
          <reporter-output>
          </reporter-output>
        </test-method> <!-- feature -->
        <test-method status="PASS" signature="tearDownClass()[pri:0, instance:com.testRunner.TestRunner@1a1d6a08]" name="tearDownClass" is-config="true" duration-ms="883" started-at="2020-08-12T16:44:52 IST" finished-at="2020-08-12T16:44:52 IST">
          <reporter-output>
          </reporter-output>
        </test-method> <!-- tearDownClass -->
        <test-method status="PASS" signature="writeExtentReport()[pri:0, instance:com.testRunner.TestRunner@1a1d6a08]" name="writeExtentReport" is-config="true" duration-ms="60" started-at="2020-08-12T16:44:52 IST" finished-at="2020-08-12T16:44:53 IST">
          <reporter-output>
          </reporter-output>
        </test-method> <!-- writeExtentReport -->
      </class> <!-- com.testRunner.TestRunner -->
    </test> <!-- Default test -->
  </suite> <!-- Default suite -->
</testng-results>
